<?xml version="1.0" encoding="UTF-8"?><testrun name="BookControllerTest.testBooksPage" project="webstore" tests="1" started="1" failures="1" errors="0" ignored="0">
  <testcase name="testBooksPage" classname="pl.spring.demo.web.controller.BookControllerTest" time="0.831">
    <failure>java.lang.AssertionError: Model attribute 'bookList' expected:&lt;[pl.spring.demo.to.BookTo@24c22fe, pl.spring.demo.to.BookTo@93081b6, pl.spring.demo.to.BookTo@cd1e646]&gt; but was:&lt;[]&gt;&#13;
	at org.springframework.test.util.AssertionErrors.fail(AssertionErrors.java:60)&#13;
	at org.springframework.test.util.AssertionErrors.assertEquals(AssertionErrors.java:89)&#13;
	at org.springframework.test.web.servlet.result.ModelResultMatchers$2.match(ModelResultMatchers.java:69)&#13;
	at org.springframework.test.web.servlet.MockMvc$1.andExpect(MockMvc.java:152)&#13;
	at pl.spring.demo.web.controller.BookControllerTest.testBooksPage(BookControllerTest.java:54)&#13;
	at sun.reflect.NativeMethodAccessorImpl.invoke0(Native Method)&#13;
	at sun.reflect.NativeMethodAccessorImpl.invoke(NativeMethodAccessorImpl.java:62)&#13;
	at sun.reflect.DelegatingMethodAccessorImpl.invoke(DelegatingMethodAccessorImpl.java:43)&#13;
	at java.lang.reflect.Method.invoke(Method.java:497)&#13;
	at org.junit.runners.model.FrameworkMethod$1.runReflectiveCall(FrameworkMethod.java:50)&#13;
	at org.junit.internal.runners.model.ReflectiveCallable.run(ReflectiveCallable.java:12)&#13;
	at org.junit.runners.model.FrameworkMethod.invokeExplosively(FrameworkMethod.java:47)&#13;
	at org.junit.internal.runners.statements.InvokeMethod.evaluate(InvokeMethod.java:17)&#13;
	at org.junit.internal.runners.statements.RunBefores.evaluate(RunBefores.java:26)&#13;
	at org.junit.runners.ParentRunner.runLeaf(ParentRunner.java:325)&#13;
	at org.junit.runners.BlockJUnit4ClassRunner.runChild(BlockJUnit4ClassRunner.java:78)&#13;
	at org.junit.runners.BlockJUnit4ClassRunner.runChild(BlockJUnit4ClassRunner.java:57)&#13;
	at org.junit.runners.ParentRunner$3.run(ParentRunner.java:290)&#13;
	at org.junit.runners.ParentRunner$1.schedule(ParentRunner.java:71)&#13;
	at org.junit.runners.ParentRunner.runChildren(ParentRunner.java:288)&#13;
	at org.junit.runners.ParentRunner.access$000(ParentRunner.java:58)&#13;
	at org.junit.runners.ParentRunner$2.evaluate(ParentRunner.java:268)&#13;
	at org.junit.runners.ParentRunner.run(ParentRunner.java:363)&#13;
	at org.mockito.internal.runners.JUnit45AndHigherRunnerImpl.run(JUnit45AndHigherRunnerImpl.java:37)&#13;
	at org.mockito.runners.MockitoJUnitRunner.run(MockitoJUnitRunner.java:62)&#13;
	at org.eclipse.jdt.internal.junit4.runner.JUnit4TestReference.run(JUnit4TestReference.java:86)&#13;
	at org.eclipse.jdt.internal.junit.runner.TestExecution.run(TestExecution.java:38)&#13;
	at org.eclipse.jdt.internal.junit.runner.RemoteTestRunner.runTests(RemoteTestRunner.java:459)&#13;
	at org.eclipse.jdt.internal.junit.runner.RemoteTestRunner.runTests(RemoteTestRunner.java:675)&#13;
	at org.eclipse.jdt.internal.junit.runner.RemoteTestRunner.run(RemoteTestRunner.java:382)&#13;
	at org.eclipse.jdt.internal.junit.runner.RemoteTestRunner.main(RemoteTestRunner.java:192)&#13;
&#13;
</failure>
  </testcase>
</testrun>
